<?xml version="1.0" encoding="utf-8"?><testsuites><testsuite name="pytest" errors="0" failures="0" skipped="0" tests="30" time="1.214" timestamp="2024-04-09T15:25:15.811947" hostname="630-2144"><testcase classname="tests.test_cli.CliTestCase" name="test_kubernetes" time="0.001" /><testcase classname="tests.test_cli.CliTestCase" name="test_openstack" time="0.017" /><testcase classname="tests.test_config.ConfigTestCase" name="test_get_value" time="0.001" /><testcase classname="tests.test_json_ld.JsonLDTestCase" name="test_get_slot_curie" time="0.001" /><testcase classname="tests.test_json_ld.JsonLDTestCase" name="test_get_types" time="0.000" /><testcase classname="tests.test_vm_image_discovery.VMImageDiscoveryTestcase" name="test_discovery_vm_images" time="0.012" /><testcase classname="tests.test_vm_image_discovery.VMImageDiscoveryTestcase" name="test_get_build_date" time="0.011" /><testcase classname="tests.test_vm_image_discovery.VMImageDiscoveryTestcase" name="test_get_checksum" time="0.015" /><testcase classname="tests.test_vm_image_discovery.VMImageDiscoveryTestcase" name="test_get_cpu_req" time="0.012" /><testcase classname="tests.test_vm_image_discovery.VMImageDiscoveryTestcase" name="test_get_description" time="0.013" /><testcase classname="tests.test_vm_image_discovery.VMImageDiscoveryTestcase" name="test_get_disk_format" time="0.013" /><testcase classname="tests.test_vm_image_discovery.VMImageDiscoveryTestcase" name="test_get_file_size" time="0.012" /><testcase classname="tests.test_vm_image_discovery.VMImageDiscoveryTestcase" name="test_get_firmeware_type" time="0.013" /><testcase classname="tests.test_vm_image_discovery.VMImageDiscoveryTestcase" name="test_get_hypervisor" time="0.012" /><testcase classname="tests.test_vm_image_discovery.VMImageDiscoveryTestcase" name="test_get_license_included" time="0.012" /><testcase classname="tests.test_vm_image_discovery.VMImageDiscoveryTestcase" name="test_get_maintenance" time="0.012" /><testcase classname="tests.test_vm_image_discovery.VMImageDiscoveryTestcase" name="test_get_min_disk_req" time="0.013" /><testcase classname="tests.test_vm_image_discovery.VMImageDiscoveryTestcase" name="test_get_min_ram_req" time="0.013" /><testcase classname="tests.test_vm_image_discovery.VMImageDiscoveryTestcase" name="test_get_multiqueue_enabled" time="0.014" /><testcase classname="tests.test_vm_image_discovery.VMImageDiscoveryTestcase" name="test_get_name" time="0.012" /><testcase classname="tests.test_vm_image_discovery.VMImageDiscoveryTestcase" name="test_get_operating_system" time="0.012" /><testcase classname="tests.test_vm_image_discovery.VMImageDiscoveryTestcase" name="test_get_patch_level" time="0.058" /><testcase classname="tests.test_vm_image_discovery.VMImageDiscoveryTestcase" name="test_get_rng_model" time="0.017" /><testcase classname="tests.test_vm_image_discovery.VMImageDiscoveryTestcase" name="test_get_secure_boot" time="0.015" /><testcase classname="tests.test_vm_image_discovery.VMImageDiscoveryTestcase" name="test_get_signature" time="0.014" /><testcase classname="tests.test_vm_image_discovery.VMImageDiscoveryTestcase" name="test_get_update_strategy" time="0.017" /><testcase classname="tests.test_vm_image_discovery.VMImageDiscoveryTestcase" name="test_get_version" time="0.019" /><testcase classname="tests.test_vm_image_discovery.VMImageDiscoveryTestcase" name="test_get_video_ram" time="0.016" /><testcase classname="tests.test_vm_image_discovery.VMImageDiscoveryTestcase" name="test_get_vmpu" time="0.013" /><testcase classname="tests.test_vm_image_discovery.VMImageDiscoveryTestcase" name="test_get_watchdog_action" time="0.014" /></testsuite></testsuites>